**********************
PowerShell transcript start
Start time: 20260130221237
Username: ITG-MS-1953\Williamson
RunAs User: ITG-MS-1953\Williamson
Configuration Name: 
Machine: ITG-MS-1953 (Microsoft Windows NT 10.0.22631.0)
Host Application: C:\Program Files\PowerShell\7\pwsh.dll -NoProfile -ExecutionPolicy Bypass -Command Import-Module 'c:\Users\Williamson\.vscode\extensions\ms-vscode.powershell-2025.4.0\modules\PowerShellEditorServices\PowerShellEditorServices.psd1'; Start-EditorServices -HostName 'Visual Studio Code Host' -HostProfileId 'Microsoft.VSCode' -HostVersion '2025.4.0' -BundledModulesPath 'c:\Users\Williamson\.vscode\extensions\ms-vscode.powershell-2025.4.0\modules' -EnableConsoleRepl -StartupBanner "PowerShell Extension v2025.4.0
Copyright (c) Microsoft Corporation.

https://aka.ms/vscode-powershell
Type 'help' to get help.
" -LogLevel 'Warning' -LogPath 'c:\Users\Williamson\AppData\Roaming\Code\logs\20260130T220648\window1\exthost\ms-vscode.powershell' -SessionDetailsPath 'c:\Users\Williamson\AppData\Roaming\Code\User\globalStorage\ms-vscode.powershell\sessions\PSES-VSCode-2784-398522.json' -FeatureFlags @() 
Process ID: 12812
PSVersion: 7.5.4
PSEdition: Core
GitCommitId: 7.5.4
OS: Microsoft Windows 10.0.22631
Platform: Win32NT
PSCompatibleVersions: 1.0, 2.0, 3.0, 4.0, 5.0, 5.1, 6.0, 7.0
PSRemotingProtocolVersion: 2.3
SerializationVersion: 1.1.0.1
WSManStackVersion: 3.0
**********************
Loading the PowerShell Snap-in for Exchange Management
PS>TerminatingError(): "Exchange snap-in could not be loaded. Ensure you are running in the Exchange Management Shell."
>> TerminatingError(): "Exchange snap-in could not be loaded. Ensure you are running in the Exchange Management Shell."
Exchange snap-in could not be loaded. Ensure you are running in the Exchange Management Shell.
Exception: C:\Users\Williamson\OneDrive\Documents\GitHub\365-user-import\365-user-import\Bulk-HybridUser.ps1:57:2
Line |
  57 |      throw "Exchange snap-in could not be loaded. Ensure you are runni …
     |      ~~~~~~~~~~~~~~~~~~~~~~~~~~~~~~~~~~~~~~~~~~~~~~~~~~~~~~~~~~~~~~~~~
     | Exchange snap-in could not be loaded. Ensure you are running in the
     | Exchange Management Shell.

]633;A]633;P;Cwd=C:\x5cUsers\x5cWilliamson\x5cOneDrive\x5cDocuments\x5cGitHub\x5c365-user-import\x5c365-user-importPS C:\Users\Williamson\OneDrive\Documents\GitHub\365-user-import\365-user-import> ]633;B
PS>CommandInvocation(Remove-Variable): "Remove-Variable"
>> ParameterBinding(Remove-Variable): name="Name"; value="__psEditorServices_DebugServer"
>> ParameterBinding(Remove-Variable): name="Force"; value="True"
PS>CommandInvocation(Get-Command): "Get-Command"
>> ParameterBinding(Get-Command): name="ErrorAction"; value="Ignore"
>> ParameterBinding(Get-Command): name="Name"; value="Get-Module"
>> TerminatingError(): "The pipeline has been stopped."
>> CommandInvocation(Get-Command): "Get-Command"
>> ParameterBinding(Get-Command): name="ErrorAction"; value="Ignore"
>> ParameterBinding(Get-Command): name="Name"; value="Get-AdUser"
PS>CommandInvocation(Get-Command): "Get-Command"
>> ParameterBinding(Get-Command): name="ErrorAction"; value="Ignore"
>> ParameterBinding(Get-Command): name="Name"; value="Get-AdUser"
PS>CommandInvocation(Get-Command): "Get-Command"
>> ParameterBinding(Get-Command): name="ErrorAction"; value="Ignore"
>> ParameterBinding(Get-Command): name="Name"; value="Get-AdUser"
PS>CommandInvocation(Get-Command): "Get-Command"
>> ParameterBinding(Get-Command): name="ErrorAction"; value="Ignore"
>> ParameterBinding(Get-Command): name="Name"; value="Get-AdUser"
PS>CommandInvocation(Get-Command): "Get-Command"
>> ParameterBinding(Get-Command): name="ErrorAction"; value="Ignore"
>> ParameterBinding(Get-Command): name="Name"; value="Get-AdUser"
PS>CommandInvocation(Get-Command): "Get-Command"
>> ParameterBinding(Get-Command): name="ErrorAction"; value="Ignore"
>> ParameterBinding(Get-Command): name="Name"; value="Get-AdUser"
PS>CommandInvocation(Get-Command): "Get-Command"
>> ParameterBinding(Get-Command): name="ErrorAction"; value="Ignore"
>> ParameterBinding(Get-Command): name="Name"; value="UserAccountBroker.exe"

CommandType     Name                                               Version    Source
-----------     ----                                               -------    ------
Application     UserAccountBroker.exe                              10.0.2262… C:\WINDOWS\system32\UserAccoun…

PS>CommandInvocation(Get-Command): "Get-Command"
>> ParameterBinding(Get-Command): name="ErrorAction"; value="Ignore"
>> ParameterBinding(Get-Command): name="Name"; value="Get-AdUser"
PS>CommandInvocation(Get-Command): "Get-Command"
>> ParameterBinding(Get-Command): name="ErrorAction"; value="Ignore"
>> ParameterBinding(Get-Command): name="Name"; value="Get-AdUser"
PS>CommandInvocation(Get-Command): "Get-Command"
>> ParameterBinding(Get-Command): name="ErrorAction"; value="Ignore"
>> ParameterBinding(Get-Command): name="Name"; value="Write-Host"

CommandType     Name                                               Version    Source
-----------     ----                                               -------    ------
Cmdlet          Write-Host                                         7.0.0.0    Microsoft.PowerShell.Utility

PS>CommandInvocation(Get-Help): "Get-Help"
>> ParameterBinding(Get-Help): name="Name"; value="Write-Host"
>> ParameterBinding(Get-Help): name="Online"; value="False"
>> ParameterBinding(Get-Help): name="ErrorAction"; value="Ignore"
>> TerminatingError(): "The pipeline has been stopped."
PS>CommandInvocation(Get-Command): "Get-Command"
>> ParameterBinding(Get-Command): name="ErrorAction"; value="Ignore"
>> ParameterBinding(Get-Command): name="Name"; value="Get-AdUser"
PS>CommandInvocation(Get-Command): "Get-Command"
>> ParameterBinding(Get-Command): name="ErrorAction"; value="Ignore"
>> ParameterBinding(Get-Command): name="Name"; value="UserPrincipalName"
PS>CommandInvocation(Get-Command): "Get-Command"
>> ParameterBinding(Get-Command): name="ErrorAction"; value="Ignore"
>> ParameterBinding(Get-Command): name="Name"; value="Get-AdUser"
PS>CommandInvocation(Get-Help): "Get-Help"
>> ParameterBinding(Get-Help): name="Name"; value="Write-Host"
>> ParameterBinding(Get-Help): name="Online"; value="False"
>> ParameterBinding(Get-Help): name="ErrorAction"; value="Ignore"

NAME
    Write-Host

SYNTAX
    Write-Host [[-Object] <Object>] [-NoNewline] [-Separator <Object>] [-ForegroundColor {Black | DarkBlue | DarkGreen |
    DarkCyan | DarkRed | DarkMagenta | DarkYellow | Gray | DarkGray | Blue | Green | Cyan | Red | Magenta | Yellow | White}]
    [-BackgroundColor {Black | DarkBlue | DarkGreen | DarkCyan | DarkRed | DarkMagenta | DarkYellow | Gray | DarkGray | Blue
    | Green | Cyan | Red | Magenta | Yellow | White}] [<CommonParameters>]


ALIASES
    None


REMARKS
    Get-Help cannot find the Help files for this cmdlet on this computer. It is displaying only partial help.
        -- To download and install Help files for the module that includes this cmdlet, use Update-Help.
        -- To view the Help topic for this cmdlet online, type: "Get-Help Write-Host -Online" or
           go to https://go.microsoft.com/fwlink/?LinkID=2097137.


PS>CommandInvocation(Get-Command): "Get-Command"
>> ParameterBinding(Get-Command): name="ErrorAction"; value="Ignore"
>> ParameterBinding(Get-Command): name="Name"; value="Get-AdUser"
PS>CommandInvocation(Get-Command): "Get-Command"
>> ParameterBinding(Get-Command): name="ErrorAction"; value="Ignore"
>> ParameterBinding(Get-Command): name="Name"; value="UserPrincipalName"
PS>CommandInvocation(Get-Command): "Get-Command"
>> ParameterBinding(Get-Command): name="ErrorAction"; value="Ignore"
>> ParameterBinding(Get-Command): name="Name"; value="R"

CommandType     Name                                               Version    Source
-----------     ----                                               -------    ------
Alias           r -> Invoke-History

PS>CommandInvocation(Get-Command): "Get-Command"
>> ParameterBinding(Get-Command): name="ErrorAction"; value="Ignore"
>> ParameterBinding(Get-Command): name="Name"; value="Repla"
PS>CommandInvocation(Get-Command): "Get-Command"
>> ParameterBinding(Get-Command): name="ErrorAction"; value="Ignore"
>> ParameterBinding(Get-Command): name="Name"; value="replace.exe"

CommandType     Name                                               Version    Source
-----------     ----                                               -------    ------
Application     replace.exe                                        10.0.2262… C:\WINDOWS\system32\replace.exe

PS>CommandInvocation(Get-Command): "Get-Command"
>> ParameterBinding(Get-Command): name="ErrorAction"; value="Ignore"
>> ParameterBinding(Get-Command): name="Name"; value="Replace"

CommandType     Name                                               Version    Source
-----------     ----                                               -------    ------
Application     replace.exe                                        10.0.2262… C:\WINDOWS\system32\replace.exe

PS>CommandInvocation(Get-Command): "Get-Command"
>> ParameterBinding(Get-Command): name="ErrorAction"; value="Ignore"
>> ParameterBinding(Get-Command): name="Name"; value="Replace"

CommandType     Name                                               Version    Source
-----------     ----                                               -------    ------
Application     replace.exe                                        10.0.2262… C:\WINDOWS\system32\replace.exe

PS>CommandInvocation(Get-Command): "Get-Command"
>> ParameterBinding(Get-Command): name="ErrorAction"; value="Ignore"
>> ParameterBinding(Get-Command): name="Name"; value="Replace"

CommandType     Name                                               Version    Source
-----------     ----                                               -------    ------
Application     replace.exe                                        10.0.2262… C:\WINDOWS\system32\replace.exe

PS>CommandInvocation(Get-Command): "Get-Command"
>> ParameterBinding(Get-Command): name="ErrorAction"; value="Ignore"
>> ParameterBinding(Get-Command): name="Name"; value="Replace"

CommandType     Name                                               Version    Source
-----------     ----                                               -------    ------
Application     replace.exe                                        10.0.2262… C:\WINDOWS\system32\replace.exe

PS>CommandInvocation(Get-Command): "Get-Command"
>> ParameterBinding(Get-Command): name="ErrorAction"; value="Ignore"
>> ParameterBinding(Get-Command): name="Name"; value="UserPrincipalName"
PS>CommandInvocation(Get-Command): "Get-Command"
>> ParameterBinding(Get-Command): name="ErrorAction"; value="Ignore"
>> ParameterBinding(Get-Command): name="Name"; value="Replace"

CommandType     Name                                               Version    Source
-----------     ----                                               -------    ------
Application     replace.exe                                        10.0.2262… C:\WINDOWS\system32\replace.exe

PS>CommandInvocation(Get-Command): "Get-Command"
>> ParameterBinding(Get-Command): name="ErrorAction"; value="Ignore"
>> ParameterBinding(Get-Command): name="Name"; value="Replace"

CommandType     Name                                               Version    Source
-----------     ----                                               -------    ------
Application     replace.exe                                        10.0.2262… C:\WINDOWS\system32\replace.exe

PS>CommandInvocation(Get-Command): "Get-Command"
>> ParameterBinding(Get-Command): name="ErrorAction"; value="Ignore"
>> ParameterBinding(Get-Command): name="Name"; value="replace.exe"

CommandType     Name                                               Version    Source
-----------     ----                                               -------    ------
Application     replace.exe                                        10.0.2262… C:\WINDOWS\system32\replace.exe

PS>CommandInvocation(Get-Command): "Get-Command"
>> ParameterBinding(Get-Command): name="ErrorAction"; value="Ignore"
>> ParameterBinding(Get-Command): name="Name"; value="r"

CommandType     Name                                               Version    Source
-----------     ----                                               -------    ------
Alias           r -> Invoke-History

PS>CommandInvocation(Get-Command): "Get-Command"
>> ParameterBinding(Get-Command): name="ErrorAction"; value="Ignore"
>> ParameterBinding(Get-Command): name="Name"; value="Write-Debug"

CommandType     Name                                               Version    Source
-----------     ----                                               -------    ------
Cmdlet          Write-Debug                                        7.0.0.0    Microsoft.PowerShell.Utility

PS>CommandInvocation(Get-Help): "Get-Help"
>> ParameterBinding(Get-Help): name="Name"; value="Write-Debug"
>> ParameterBinding(Get-Help): name="Online"; value="False"
>> ParameterBinding(Get-Help): name="ErrorAction"; value="Ignore"

NAME
    Write-Debug

SYNTAX
    Write-Debug [-Message] <string> [<CommonParameters>]


ALIASES
    None


REMARKS
    Get-Help cannot find the Help files for this cmdlet on this computer. It is displaying only partial help.
        -- To download and install Help files for the module that includes this cmdlet, use Update-Help.
        -- To view the Help topic for this cmdlet online, type: "Get-Help Write-Debug -Online" or
           go to https://go.microsoft.com/fwlink/?LinkID=2097132.


PS>CommandInvocation(Get-Command): "Get-Command"
>> ParameterBinding(Get-Command): name="ErrorAction"; value="Ignore"
>> ParameterBinding(Get-Command): name="Name"; value="Replace"

CommandType     Name                                               Version    Source
-----------     ----                                               -------    ------
Application     replace.exe                                        10.0.2262… C:\WINDOWS\system32\replace.exe

PS>CommandInvocation(Get-Command): "Get-Command"
>> ParameterBinding(Get-Command): name="ErrorAction"; value="Ignore"
>> ParameterBinding(Get-Command): name="Name"; value="Replace"

CommandType     Name
-----------     ----                                              
Application     replace.exe

PS>CommandInvocation(Get-Command): "Get-Command"
>> ParameterBinding(Get-Command): name="ErrorAction"; value="Ignore"
>> ParameterBinding(Get-Command): name="Name"; value="Replace"

CommandType     Name
-----------     ----                                              
Application     replace.exe

PS>CommandInvocation(Get-Command): "Get-Command"
>> ParameterBinding(Get-Command): name="ErrorAction"; value="Ignore"
>> ParameterBinding(Get-Command): name="Name"; value="Replace"

CommandType     Name                                               Version    Sourc
                                                                              e
-----------     ----                                               -------    -----
Application     replace.exe                                        10.0.2262… C:\W…

PS>CommandInvocation(Get-Command): "Get-Command"
>> ParameterBinding(Get-Command): name="ErrorAction"; value="Ignore"
>> ParameterBinding(Get-Command): name="Name"; value="Replace"

CommandType     Name                                               Version    Sourc
                                                                              e
-----------     ----                                               -------    -----
Application     replace.exe                                        10.0.2262… C:\W…

PS>CommandInvocation(Get-Command): "Get-Command"
>> ParameterBinding(Get-Command): name="ErrorAction"; value="Ignore"
>> ParameterBinding(Get-Command): name="Name"; value="Where-Object"

CommandType     Name                                               Version    Sourc
                                                                              e
-----------     ----                                               -------    -----
Cmdlet          Where-Object                                       7.5.0.500  Micr…

PS>CommandInvocation(Get-Help): "Get-Help"
>> ParameterBinding(Get-Help): name="Name"; value="Where-Object"
>> ParameterBinding(Get-Help): name="Online"; value="False"
>> ParameterBinding(Get-Help): name="ErrorAction"; value="Ignore"
>> TerminatingError(): "The pipeline has been stopped."
PS>CommandInvocation(Get-Command): "Get-Command"
>> ParameterBinding(Get-Command): name="ErrorAction"; value="Ignore"
>> ParameterBinding(Get-Command): name="Name"; value="Get-AdUser"
PS>CommandInvocation(Get-Command): "Get-Command"
>> ParameterBinding(Get-Command): name="ErrorAction"; value="Ignore"
>> ParameterBinding(Get-Command): name="Name"; value="Get-AdUser"
>> TerminatingError(): "The pipeline has been stopped."
>> CommandInvocation(Get-Command): "Get-Command"
>> ParameterBinding(Get-Command): name="ErrorAction"; value="Ignore"
>> ParameterBinding(Get-Command): name="Name"; value="Get-AdUser"
>> TerminatingError(): "The pipeline has been stopped."
>> CommandInvocation(Get-Help): "Get-Help"
>> ParameterBinding(Get-Help): name="Name"; value="Where-Object"
>> ParameterBinding(Get-Help): name="Online"; value="False"
>> ParameterBinding(Get-Help): name="ErrorAction"; value="Ignore"

NAME
    Where-Object

SYNTAX
    Where-Object [-Property] <string> [[-Value] <Object>] [-InputObject
    <psobject>] [-EQ] [<CommonParameters>]

    Where-Object [-FilterScript] <scriptblock> [-InputObject <psobject>]
    [<CommonParameters>]

    Where-Object [-Property] <string> [[-Value] <Object>] -CEQ [-InputObject
    <psobject>] [<CommonParameters>]

    Where-Object [-Property] <string> [[-Value] <Object>] -NE [-InputObject
    <psobject>] [<CommonParameters>]

    Where-Object [-Property] <string> [[-Value] <Object>] -CNE [-InputObject
    <psobject>] [<CommonParameters>]

    Where-Object [-Property] <string> [[-Value] <Object>] -GT [-InputObject
    <psobject>] [<CommonParameters>]

    Where-Object [-Property] <string> [[-Value] <Object>] -CGT [-InputObject
    <psobject>] [<CommonParameters>]

    Where-Object [-Property] <string> [[-Value] <Object>] -LT [-InputObject
    <psobject>] [<CommonParameters>]

    Where-Object [-Property] <string> [[-Value] <Object>] -CLT [-InputObject
    <psobject>] [<CommonParameters>]

    Where-Object [-Property] <string> [[-Value] <Object>] -GE [-InputObject
    <psobject>] [<CommonParameters>]

    Where-Object [-Property] <string> [[-Value] <Object>] -CGE [-InputObject
    <psobject>] [<CommonParameters>]

    Where-Object [-Property] <string> [[-Value] <Object>] -LE [-InputObject
    <psobject>] [<CommonParameters>]

    Where-Object [-Property] <string> [[-Value] <Object>] -CLE [-InputObject
    <psobject>] [<CommonParameters>]

    Where-Object [-Property] <string> [[-Value] <Object>] -Like [-InputObject
    <psobject>] [<CommonParameters>]

    Where-Object [-Property] <string> [[-Value] <Object>] -CLike [-InputObject
    <psobject>] [<CommonParameters>]

    Where-Object [-Property] <string> [[-Value] <Object>] -NotLike [-InputObject
    <psobject>] [<CommonParameters>]

    Where-Object [-Property] <string> [[-Value] <Object>] -CNotLike [-InputObject
    <psobject>] [<CommonParameters>]

    Where-Object [-Property] <string> [[-Value] <Object>] -Match [-InputObject
    <psobject>] [<CommonParameters>]

    Where-Object [-Property] <string> [[-Value] <Object>] -CMatch [-InputObject
    <psobject>] [<CommonParameters>]

    Where-Object [-Property] <string> [[-Value] <Object>] -NotMatch [-InputObject
    <psobject>] [<CommonParameters>]

    Where-Object [-Property] <string> [[-Value] <Object>] -CNotMatch [-InputObject
    <psobject>] [<CommonParameters>]

    Where-Object [-Property] <string> [[-Value] <Object>] -Contains [-InputObject
    <psobject>] [<CommonParameters>]

    Where-Object [-Property] <string> [[-Value] <Object>] -CContains [-InputObject
    <psobject>] [<CommonParameters>]

    Where-Object [-Property] <string> [[-Value] <Object>] -NotContains
    [-InputObject <psobject>] [<CommonParameters>]

    Where-Object [-Property] <string> [[-Value] <Object>] -CNotContains
    [-InputObject <psobject>] [<CommonParameters>]

    Where-Object [-Property] <string> [[-Value] <Object>] -In [-InputObject
    <psobject>] [<CommonParameters>]

    Where-Object [-Property] <string> [[-Value] <Object>] -CIn [-InputObject
    <psobject>] [<CommonParameters>]

    Where-Object [-Property] <string> [[-Value] <Object>] -NotIn [-InputObject
    <psobject>] [<CommonParameters>]

    Where-Object [-Property] <string> [[-Value] <Object>] -CNotIn [-InputObject
    <psobject>] [<CommonParameters>]

    Where-Object [-Property] <string> [[-Value] <Object>] -Is [-InputObject
    <psobject>] [<CommonParameters>]

    Where-Object [-Property] <string> [[-Value] <Object>] -IsNot [-InputObject
    <psobject>] [<CommonParameters>]

    Where-Object [-Property] <string> -Not [-InputObject <psobject>]
    [<CommonParameters>]


ALIASES
    where
    ?


REMARKS
    Get-Help cannot find the Help files for this cmdlet on this computer. It is
    displaying only partial help.
        -- To download and install Help files for the module that includes this
    cmdlet, use Update-Help.
        -- To view the Help topic for this cmdlet online, type: "Get-Help
    Where-Object -Online" or
           go to https://go.microsoft.com/fwlink/?LinkID=2096806.


PS>CommandInvocation(Get-Command): "Get-Command"
>> ParameterBinding(Get-Command): name="ErrorAction"; value="Ignore"
>> ParameterBinding(Get-Command): name="Name"; value="Get-AdUser"
PS>CommandInvocation(Get-Command): "Get-Command"
>> ParameterBinding(Get-Command): name="ErrorAction"; value="Ignore"
>> ParameterBinding(Get-Command): name="Name"; value="UserPrincipalName"
PS>CommandInvocation(Get-Command): "Get-Command"
>> ParameterBinding(Get-Command): name="ErrorAction"; value="Ignore"
>> ParameterBinding(Get-Command): name="Name"; value="ForEach-Object"

CommandType     Name                                               Version    Sourc
                                                                              e
-----------     ----                                               -------    -----
Cmdlet          ForEach-Object                                     7.5.0.500  Micr…

PS>CommandInvocation(Get-Help): "Get-Help"
>> ParameterBinding(Get-Help): name="Name"; value="ForEach-Object"
>> ParameterBinding(Get-Help): name="Online"; value="False"
>> ParameterBinding(Get-Help): name="ErrorAction"; value="Ignore"
>> TerminatingError(): "The pipeline has been stopped."
>> CommandInvocation(Get-Command): "Get-Command"
>> ParameterBinding(Get-Command): name="ErrorAction"; value="Ignore"
>> ParameterBinding(Get-Command): name="Name"; value="Start-Transcript"
>> TerminatingError(): "The pipeline has been stopped."
>> CommandInvocation(Get-Command): "Get-Command"
>> ParameterBinding(Get-Command): name="ErrorAction"; value="Ignore"
>> ParameterBinding(Get-Command): name="Name"; value="catch"
>> TerminatingError(): "The pipeline has been stopped."
>> CommandInvocation(Get-Command): "Get-Command"
>> ParameterBinding(Get-Command): name="ErrorAction"; value="Ignore"
>> ParameterBinding(Get-Command): name="Name"; value="catch"
PS>CommandInvocation(Get-Command): "Get-Command"
>> ParameterBinding(Get-Command): name="ErrorAction"; value="Ignore"
>> ParameterBinding(Get-Command): name="Name"; value="catch"
PS>CommandInvocation(Get-Command): "Get-Command"
>> ParameterBinding(Get-Command): name="ErrorAction"; value="Ignore"
>> ParameterBinding(Get-Command): name="Name"; value="catch"
PS>CommandInvocation(Get-Command): "Get-Command"
>> ParameterBinding(Get-Command): name="ErrorAction"; value="Ignore"
>> ParameterBinding(Get-Command): name="Name"; value="catch"
PS>CommandInvocation(Get-Command): "Get-Command"
>> ParameterBinding(Get-Command): name="ErrorAction"; value="Ignore"
>> ParameterBinding(Get-Command): name="Name"; value="catch"
